<?xml version="1.0" encoding="UTF-8"?>
<!-- Generated by org.testng.reporters.JUnitReportReporter -->
<testsuite skipped="0" hostname="LAPTOP-N58LA79D" name="testcases.TC0001_Login" tests="1" failures="0" timestamp="2020-02-08T15:11:43 IST" time="7.519" errors="0">
  <testcase name="runLogin" time="7.519" classname="testcases.TC0001_Login"/>
</testsuite> <!-- testcases.TC0001_Login -->
